<?xml version="1.0" encoding="UTF-8"?>
<!-- Generated by org.testng.reporters.JUnitXMLReporter -->
<testsuite hostname="DESKTOP-BP5KTK2" name="Test" tests="39" failures="3" timestamp="27 Sep 2019 05:15:46 GMT" time="106.503" errors="0">
  <testcase name="@AfterMethod fatchReportInformation" time="0.0" classname="geProjectComponant.HeaderComponant">
    <failure type="org.openqa.selenium.NoSuchWindowException" message="no such window: target window already closed
from unknown error: web view not found
  (Session info: chrome=77.0.3865.90)
  (Driver info: chromedriver=2.44.609538 (b655c5a60b0b544917107a59d4153d4bf78e1b90),platform=Windows NT 10.0.17763 x86_64) (WARNING: The server did not provide any stacktrace information)
Command duration or timeout: 0 milliseconds
Build info: version: &amp;apos;3.8.1&amp;apos;, revision: &amp;apos;6e95a6684b&amp;apos;, time: &amp;apos;2017-12-01T18:33:54.468Z&amp;apos;
System info: host: &amp;apos;DESKTOP-BP5KTK2&amp;apos;, ip: &amp;apos;192.168.1.228&amp;apos;, os.name: &amp;apos;Windows 10&amp;apos;, os.arch: &amp;apos;amd64&amp;apos;, os.version: &amp;apos;10.0&amp;apos;, java.version: &amp;apos;1.8.0_131&amp;apos;
Driver info: org.openqa.selenium.chrome.ChromeDriver
Capabilities {acceptInsecureCerts: false, acceptSslCerts: false, applicationCacheEnabled: false, browserConnectionEnabled: false, browserName: chrome, chrome: {chromedriverVersion: 2.44.609538 (b655c5a60b0b54..., userDataDir: C:\Users\WALKIN~1\AppData\L...}, cssSelectorsEnabled: true, databaseEnabled: false, goog:chromeOptions: {debuggerAddress: localhost:51847}, handlesAlerts: true, hasTouchScreen: false, javascriptEnabled: true, locationContextEnabled: true, mobileEmulationEnabled: false, nativeEvents: true, networkConnectionEnabled: false, pageLoadStrategy: normal, platform: XP, platformName: XP, rotatable: false, setWindowRect: true, takesHeapSnapshot: true, takesScreenshot: true, unexpectedAlertBehaviour: ignore, unhandledPromptBehavior: ignore, version: 77.0.3865.90, webStorageEnabled: true}
Session ID: 527ccb0ca50f1b9a9ee1b6c897e7ddf2">
      <![CDATA[org.openqa.selenium.NoSuchWindowException: no such window: target window already closed
from unknown error: web view not found
  (Session info: chrome=77.0.3865.90)
  (Driver info: chromedriver=2.44.609538 (b655c5a60b0b544917107a59d4153d4bf78e1b90),platform=Windows NT 10.0.17763 x86_64) (WARNING: The server did not provide any stacktrace information)
Command duration or timeout: 0 milliseconds
Build info: version: '3.8.1', revision: '6e95a6684b', time: '2017-12-01T18:33:54.468Z'
System info: host: 'DESKTOP-BP5KTK2', ip: '192.168.1.228', os.name: 'Windows 10', os.arch: 'amd64', os.version: '10.0', java.version: '1.8.0_131'
Driver info: org.openqa.selenium.chrome.ChromeDriver
Capabilities {acceptInsecureCerts: false, acceptSslCerts: false, applicationCacheEnabled: false, browserConnectionEnabled: false, browserName: chrome, chrome: {chromedriverVersion: 2.44.609538 (b655c5a60b0b54..., userDataDir: C:\Users\WALKIN~1\AppData\L...}, cssSelectorsEnabled: true, databaseEnabled: false, goog:chromeOptions: {debuggerAddress: localhost:51847}, handlesAlerts: true, hasTouchScreen: false, javascriptEnabled: true, locationContextEnabled: true, mobileEmulationEnabled: false, nativeEvents: true, networkConnectionEnabled: false, pageLoadStrategy: normal, platform: XP, platformName: XP, rotatable: false, setWindowRect: true, takesHeapSnapshot: true, takesScreenshot: true, unexpectedAlertBehaviour: ignore, unhandledPromptBehavior: ignore, version: 77.0.3865.90, webStorageEnabled: true}
Session ID: 527ccb0ca50f1b9a9ee1b6c897e7ddf2
	at org.openqa.selenium.remote.ErrorHandler.createThrowable(ErrorHandler.java:214)
	at org.openqa.selenium.remote.ErrorHandler.throwIfResponseFailed(ErrorHandler.java:166)
	at org.openqa.selenium.remote.http.JsonHttpResponseCodec.reconstructValue(JsonHttpResponseCodec.java:40)
	at org.openqa.selenium.remote.http.AbstractHttpResponseCodec.decode(AbstractHttpResponseCodec.java:80)
	at org.openqa.selenium.remote.http.AbstractHttpResponseCodec.decode(AbstractHttpResponseCodec.java:44)
	at org.openqa.selenium.remote.HttpCommandExecutor.execute(HttpCommandExecutor.java:164)
	at org.openqa.selenium.remote.service.DriverCommandExecutor.execute(DriverCommandExecutor.java:83)
	at org.openqa.selenium.remote.RemoteWebDriver.execute(RemoteWebDriver.java:601)
	at org.openqa.selenium.remote.RemoteWebDriver.execute(RemoteWebDriver.java:658)
	at org.openqa.selenium.remote.RemoteWebDriver.getScreenshotAs(RemoteWebDriver.java:343)
	at utility.ScreenShot.getScreenShotPath(ScreenShot.java:41)
	at report.ExtentReport.getFailureTestCaseImage(ExtentReport.java:32)
	at report.ExtentReport.getTestCaseStatus(ExtentReport.java:51)
	at invokeBrowser.StartBrowser.fatchReportInformation(StartBrowser.java:64)
... Removed 29 stack frames]]>
    </failure>
  </testcase> <!-- @AfterMethod fatchReportInformation -->
  <testcase name="@AfterMethod fatchReportInformation" time="0.0" classname="geProjectComponant.HeaderComponant">
    <skipped/>
  </testcase> <!-- @AfterMethod fatchReportInformation -->
  <testcase name="@AfterMethod fatchReportInformation" time="0.0" classname="geProjectComponant.HeaderComponant">
    <skipped/>
  </testcase> <!-- @AfterMethod fatchReportInformation -->
  <testcase name="@AfterMethod fatchReportInformation" time="0.0" classname="geProjectComponant.HeaderComponant">
    <skipped/>
  </testcase> <!-- @AfterMethod fatchReportInformation -->
  <testcase name="@AfterMethod fatchReportInformation" time="0.0" classname="geProjectComponant.HeaderComponant">
    <skipped/>
  </testcase> <!-- @AfterMethod fatchReportInformation -->
  <testcase name="@AfterMethod fatchReportInformation" time="0.0" classname="geProjectComponant.HeaderComponant">
    <skipped/>
  </testcase> <!-- @AfterMethod fatchReportInformation -->
  <testcase name="@BeforeClass verifyIsLogoDisplaying" time="0.0" classname="geProjectComponant.LogoComponant">
    <skipped/>
  </testcase> <!-- @BeforeClass verifyIsLogoDisplaying -->
  <testcase name="@AfterMethod fatchReportInformation" time="0.0" classname="geProjectComponant.LogoComponant">
    <skipped/>
  </testcase> <!-- @AfterMethod fatchReportInformation -->
  <testcase name="@AfterMethod fatchReportInformation" time="0.0" classname="geProjectComponant.LogoComponant">
    <skipped/>
  </testcase> <!-- @AfterMethod fatchReportInformation -->
  <testcase name="@AfterMethod fatchReportInformation" time="0.0" classname="geProjectComponant.LogoComponant">
    <skipped/>
  </testcase> <!-- @AfterMethod fatchReportInformation -->
  <testcase name="@BeforeClass checkThemeConfig" time="0.0" classname="geProjectComponant.ThemeComponant">
    <skipped/>
  </testcase> <!-- @BeforeClass checkThemeConfig -->
  <testcase name="@AfterMethod fatchReportInformation" time="0.0" classname="geProjectComponant.ThemeComponant">
    <skipped/>
  </testcase> <!-- @AfterMethod fatchReportInformation -->
  <testcase name="@AfterMethod fatchReportInformation" time="0.0" classname="geProjectComponant.ThemeComponant">
    <skipped/>
  </testcase> <!-- @AfterMethod fatchReportInformation -->
  <testcase name="@AfterMethod fatchReportInformation" time="0.0" classname="geProjectComponant.ThemeComponant">
    <skipped/>
  </testcase> <!-- @AfterMethod fatchReportInformation -->
  <testcase name="@AfterMethod fatchReportInformation" time="0.0" classname="geProjectComponant.ThemeComponant">
    <skipped/>
  </testcase> <!-- @AfterMethod fatchReportInformation -->
  <testcase name="@AfterMethod fatchReportInformation" time="0.0" classname="geProjectComponant.ThemeComponant">
    <skipped/>
  </testcase> <!-- @AfterMethod fatchReportInformation -->
  <testcase name="@AfterMethod fatchReportInformation" time="0.0" classname="geProjectComponant.ThemeComponant">
    <skipped/>
  </testcase> <!-- @AfterMethod fatchReportInformation -->
  <testcase name="@AfterMethod fatchReportInformation" time="0.0" classname="geProjectComponant.ThemeComponant">
    <skipped/>
  </testcase> <!-- @AfterMethod fatchReportInformation -->
  <testcase name="@BeforeClass checkTemperatureConfig" time="0.0" classname="geProjectComponant.Temperature">
    <skipped/>
  </testcase> <!-- @BeforeClass checkTemperatureConfig -->
  <testcase name="@AfterMethod fatchReportInformation" time="0.0" classname="geProjectComponant.Temperature">
    <skipped/>
  </testcase> <!-- @AfterMethod fatchReportInformation -->
  <testcase name="@AfterMethod fatchReportInformation" time="0.0" classname="geProjectComponant.Temperature">
    <skipped/>
  </testcase> <!-- @AfterMethod fatchReportInformation -->
  <testcase name="@AfterMethod fatchReportInformation" time="0.0" classname="geProjectComponant.Temperature">
    <skipped/>
  </testcase> <!-- @AfterMethod fatchReportInformation -->
  <testcase name="@AfterMethod fatchReportInformation" time="0.0" classname="geProjectComponant.Temperature">
    <skipped/>
  </testcase> <!-- @AfterMethod fatchReportInformation -->
  <testcase name="@AfterMethod fatchReportInformation" time="0.0" classname="geProjectComponant.Temperature">
    <skipped/>
  </testcase> <!-- @AfterMethod fatchReportInformation -->
  <testcase name="@BeforeClass checkTemperatureConfig" time="0.0" classname="geProjectComponant.WindspeedComponant">
    <skipped/>
  </testcase> <!-- @BeforeClass checkTemperatureConfig -->
  <testcase name="@AfterMethod fatchReportInformation" time="0.0" classname="geProjectComponant.WindspeedComponant">
    <skipped/>
  </testcase> <!-- @AfterMethod fatchReportInformation -->
  <testcase name="@AfterMethod fatchReportInformation" time="0.0" classname="geProjectComponant.WindspeedComponant">
    <skipped/>
  </testcase> <!-- @AfterMethod fatchReportInformation -->
  <testcase name="@AfterMethod fatchReportInformation" time="0.0" classname="geProjectComponant.WindspeedComponant">
    <skipped/>
  </testcase> <!-- @AfterMethod fatchReportInformation -->
  <testcase name="@AfterMethod fatchReportInformation" time="0.0" classname="geProjectComponant.WindspeedComponant">
    <skipped/>
  </testcase> <!-- @AfterMethod fatchReportInformation -->
  <testcase name="@AfterMethod fatchReportInformation" time="0.0" classname="geProjectComponant.WindspeedComponant">
    <skipped/>
  </testcase> <!-- @AfterMethod fatchReportInformation -->
  <testcase name="@AfterMethod fatchReportInformation" time="0.0" classname="geProjectComponant.GridFilter">
    <skipped/>
  </testcase> <!-- @AfterMethod fatchReportInformation -->
  <testcase name="@AfterMethod fatchReportInformation" time="0.0" classname="geProjectComponant.GridFilter">
    <skipped/>
  </testcase> <!-- @AfterMethod fatchReportInformation -->
  <testcase name="@AfterMethod fatchReportInformation" time="0.0" classname="geProjectComponant.GridFilter">
    <skipped/>
  </testcase> <!-- @AfterMethod fatchReportInformation -->
  <testcase name="@AfterMethod fatchReportInformation" time="0.0" classname="geProjectComponant.GridFilter">
    <skipped/>
  </testcase> <!-- @AfterMethod fatchReportInformation -->
  <testcase name="@AfterMethod fatchReportInformation" time="0.0" classname="geProjectComponant.GridFilter">
    <skipped/>
  </testcase> <!-- @AfterMethod fatchReportInformation -->
  <testcase name="@AfterMethod fatchReportInformation" time="0.0" classname="geProjectComponant.GridFilter">
    <skipped/>
  </testcase> <!-- @AfterMethod fatchReportInformation -->
  <testcase name="@AfterMethod fatchReportInformation" time="0.0" classname="geProjectComponant.GridFilter">
    <skipped/>
  </testcase> <!-- @AfterMethod fatchReportInformation -->
  <testcase name="VerifyIsDefaultUrlApplying" time="5.188" classname="geProjectComponant.RouteComponant"/>
  <testcase name="VerifyIsPageNavigationWorking" time="0.401" classname="geProjectComponant.RouteComponant"/>
  <testcase name="VerifyPageNotFoundInCaseOfWrongUrl" time="30.287" classname="geProjectComponant.RouteComponant">
    <failure type="java.lang.AssertionError" message="expected [true] but found [false]">
      <![CDATA[java.lang.AssertionError: expected [true] but found [false]
	at geProjectComponant.RouteComponant.VerifyPageNotFoundInCaseOfWrongUrl(RouteComponant.java:48)
... Removed 30 stack frames]]>
    </failure>
  </testcase> <!-- VerifyPageNotFoundInCaseOfWrongUrl -->
  <testcase name="verifyAfterRefreshIsPageChanging" time="2.07" classname="geProjectComponant.RouteComponant"/>
  <testcase name="verifyIsBrowserSavingPageNavigationHistory" time="4.672" classname="geProjectComponant.RouteComponant"/>
  <testcase name="verify_DefaultMenuSelection" time="30.055" classname="geProjectComponant.HeaderComponant">
    <failure type="java.lang.AssertionError" message="expected:&amp;lt;null&amp;gt; but was:&amp;lt;Monitor&amp;gt;">
      <![CDATA[java.lang.AssertionError: expected:<null> but was:<Monitor>
	at org.junit.Assert.fail(Assert.java:93)
	at org.junit.Assert.failNotEquals(Assert.java:647)
	at org.junit.Assert.assertEquals(Assert.java:128)
	at org.junit.Assert.assertEquals(Assert.java:147)
	at geProjectComponant.HeaderComponant.verify_DefaultMenuSelection(HeaderComponant.java:146)
... Removed 24 stack frames]]>
    </failure>
  </testcase> <!-- verify_DefaultMenuSelection -->
  <testcase name="verify_IsHeaderDisplaying" time="30.008" classname="geProjectComponant.HeaderComponant">
    <failure type="java.lang.NullPointerException">
      <![CDATA[java.lang.NullPointerException
	at geProjectComponant.HeaderComponant.verify_IsHeaderDisplaying(HeaderComponant.java:48)
... Removed 24 stack frames]]>
    </failure>
  </testcase> <!-- verify_IsHeaderDisplaying -->
  <testcase name="verify_ItemCountOnHeaderSection" time="0.003" classname="geProjectComponant.HeaderComponant">
    <skipped/>
  </testcase> <!-- verify_ItemCountOnHeaderSection -->
  <testcase name="verify_MainMenuCountOnHeaderSection" time="0.002" classname="geProjectComponant.HeaderComponant">
    <skipped/>
  </testcase> <!-- verify_MainMenuCountOnHeaderSection -->
  <testcase name="verify_MainMenuNavigation" time="0.003" classname="geProjectComponant.HeaderComponant">
    <skipped/>
  </testcase> <!-- verify_MainMenuNavigation -->
  <testcase name="verify_MainMenuTitleOnHeaderSection" time="0.002" classname="geProjectComponant.HeaderComponant">
    <skipped/>
  </testcase> <!-- verify_MainMenuTitleOnHeaderSection -->
  <testcase name="verify_correctHeaderItemsAreDispalying" time="0.001" classname="geProjectComponant.HeaderComponant">
    <skipped/>
  </testcase> <!-- verify_correctHeaderItemsAreDispalying -->
  <testcase name="verifyLogPositionAccordingToConfiguration" time="0.003" classname="geProjectComponant.LogoComponant">
    <skipped/>
  </testcase> <!-- verifyLogPositionAccordingToConfiguration -->
  <testcase name="verifyLogoSrc" time="0.001" classname="geProjectComponant.LogoComponant">
    <skipped/>
  </testcase> <!-- verifyLogoSrc -->
  <testcase name="vreifyLogoIsDisplayingOnUi" time="0.002" classname="geProjectComponant.LogoComponant">
    <skipped/>
  </testcase> <!-- vreifyLogoIsDisplayingOnUi -->
  <testcase name="veifyIsValueDisplayingInThemeDropDown" time="0.002" classname="geProjectComponant.ThemeComponant">
    <skipped/>
  </testcase> <!-- veifyIsValueDisplayingInThemeDropDown -->
  <testcase name="verifyIsDefaultThemeApplying" time="0.002" classname="geProjectComponant.ThemeComponant">
    <skipped/>
  </testcase> <!-- verifyIsDefaultThemeApplying -->
  <testcase name="verifyIsThemeChanging" time="0.002" classname="geProjectComponant.ThemeComponant">
    <skipped/>
  </testcase> <!-- verifyIsThemeChanging -->
  <testcase name="verifyIsThemeDisplaying" time="0.002" classname="geProjectComponant.ThemeComponant">
    <skipped/>
  </testcase> <!-- verifyIsThemeDisplaying -->
  <testcase name="verifySelectedThemeNameAfterSelection" time="0.003" classname="geProjectComponant.ThemeComponant">
    <skipped/>
  </testcase> <!-- verifySelectedThemeNameAfterSelection -->
  <testcase name="verifyThemeAfterNavigation" time="0.003" classname="geProjectComponant.ThemeComponant">
    <skipped/>
  </testcase> <!-- verifyThemeAfterNavigation -->
  <testcase name="verifyThemeComponentPositionOnHeaderSection" time="0.002" classname="geProjectComponant.ThemeComponant">
    <skipped/>
  </testcase> <!-- verifyThemeComponentPositionOnHeaderSection -->
  <testcase name="veifyTemperatureIcon" time="0.001" classname="geProjectComponant.Temperature">
    <skipped/>
  </testcase> <!-- veifyTemperatureIcon -->
  <testcase name="verifyAccordingToQualityDataColorIsChanging" time="0.001" classname="geProjectComponant.Temperature">
    <skipped/>
  </testcase> <!-- verifyAccordingToQualityDataColorIsChanging -->
  <testcase name="verifyIsTemperatureDataDisplaying" time="0.003" classname="geProjectComponant.Temperature">
    <skipped/>
  </testcase> <!-- verifyIsTemperatureDataDisplaying -->
  <testcase name="verifyIsTemperatureRenderOnUi" time="0.001" classname="geProjectComponant.Temperature">
    <skipped/>
  </testcase> <!-- verifyIsTemperatureRenderOnUi -->
  <testcase name="verifyTemperatureComponantPositionOnUi" time="0.001" classname="geProjectComponant.Temperature">
    <skipped/>
  </testcase> <!-- verifyTemperatureComponantPositionOnUi -->
  <testcase name="veifyWindspeedIcon" time="0.002" classname="geProjectComponant.WindspeedComponant">
    <skipped/>
  </testcase> <!-- veifyWindspeedIcon -->
  <testcase name="verifyAccordingToQualityDataColorIsChanging" time="0.002" classname="geProjectComponant.WindspeedComponant">
    <skipped/>
  </testcase> <!-- verifyAccordingToQualityDataColorIsChanging -->
  <testcase name="verifyIsWindspeedDataDisplaying" time="0.002" classname="geProjectComponant.WindspeedComponant">
    <skipped/>
  </testcase> <!-- verifyIsWindspeedDataDisplaying -->
  <testcase name="verifyIsWindspeedRenderOnUi" time="0.002" classname="geProjectComponant.WindspeedComponant">
    <skipped/>
  </testcase> <!-- verifyIsWindspeedRenderOnUi -->
  <testcase name="verifyWindSpeedComponantPositionOnUi" time="0.002" classname="geProjectComponant.WindspeedComponant">
    <skipped/>
  </testcase> <!-- verifyWindSpeedComponantPositionOnUi -->
  <testcase name="verify_FilterBy_FeatureExistance" time="0.004" classname="geProjectComponant.GridFilter">
    <skipped/>
  </testcase> <!-- verify_FilterBy_FeatureExistance -->
  <testcase name="verify_AllFilterStatusByDefaultSelected" time="0.002" classname="geProjectComponant.GridFilter">
    <skipped/>
  </testcase> <!-- verify_AllFilterStatusByDefaultSelected -->
  <testcase name="verify_AllFilterAreUnselactable" time="0.002" classname="geProjectComponant.GridFilter">
    <skipped/>
  </testcase> <!-- verify_AllFilterAreUnselactable -->
  <testcase name="verify_AllFilterStatusAreSelectable" time="0.002" classname="geProjectComponant.GridFilter">
    <skipped/>
  </testcase> <!-- verify_AllFilterStatusAreSelectable -->
  <testcase name="verify_filterSectionColorAndTurbineDataColorInGrid" time="0.001" classname="geProjectComponant.GridFilter">
    <skipped/>
  </testcase> <!-- verify_filterSectionColorAndTurbineDataColorInGrid -->
  <testcase name="verify_TurbineDataCountInGridAndFilterSectionDataCount" time="0.001" classname="geProjectComponant.GridFilter">
    <skipped/>
  </testcase> <!-- verify_TurbineDataCountInGridAndFilterSectionDataCount -->
  <testcase name="verify_appliedFileterNameFirstLetterIsComingInGridSection" time="0.002" classname="geProjectComponant.GridFilter">
    <skipped/>
  </testcase> <!-- verify_appliedFileterNameFirstLetterIsComingInGridSection -->
</testsuite> <!-- Test -->
