<?xml version="1.0" encoding="UTF-8"?>
<testng-results skipped="32" failed="3" total="39" passed="4">
  <reporter-output>
  </reporter-output>
  <suite name="Suite" duration-ms="106503" started-at="2019-09-27T05:14:00Z" finished-at="2019-09-27T05:15:46Z">
    <groups>
    </groups>
    <test name="Test" duration-ms="106503" started-at="2019-09-27T05:14:00Z" finished-at="2019-09-27T05:15:46Z">
      <class name="geProjectComponant.LogoComponant">
        <test-method status="SKIP" signature="verifyIsLogoDisplaying()[pri:0, instance:geProjectComponant.LogoComponant@2aa3cd93]" name="verifyIsLogoDisplaying" is-config="true" duration-ms="0" started-at="2019-09-27T10:45:46Z" finished-at="2019-09-27T10:45:46Z">
          <reporter-output>
          </reporter-output>
        </test-method> <!-- verifyIsLogoDisplaying -->
        <test-method status="SKIP" signature="verifyLogPositionAccordingToConfiguration()[pri:0, instance:geProjectComponant.LogoComponant@2aa3cd93]" name="verifyLogPositionAccordingToConfiguration" duration-ms="3" started-at="2019-09-27T10:45:46Z" finished-at="2019-09-27T10:45:46Z">
          <reporter-output>
          </reporter-output>
        </test-method> <!-- verifyLogPositionAccordingToConfiguration -->
        <test-method status="SKIP" signature="fatchReportInformation(org.testng.ITestResult)[pri:0, instance:geProjectComponant.LogoComponant@2aa3cd93]" name="fatchReportInformation" is-config="true" duration-ms="0" started-at="2019-09-27T10:45:46Z" finished-at="2019-09-27T10:45:46Z">
          <reporter-output>
          </reporter-output>
        </test-method> <!-- fatchReportInformation -->
        <test-method status="SKIP" signature="verifyLogoSrc()[pri:0, instance:geProjectComponant.LogoComponant@2aa3cd93]" name="verifyLogoSrc" duration-ms="1" started-at="2019-09-27T10:45:46Z" finished-at="2019-09-27T10:45:46Z">
          <reporter-output>
          </reporter-output>
        </test-method> <!-- verifyLogoSrc -->
        <test-method status="SKIP" signature="fatchReportInformation(org.testng.ITestResult)[pri:0, instance:geProjectComponant.LogoComponant@2aa3cd93]" name="fatchReportInformation" is-config="true" duration-ms="0" started-at="2019-09-27T10:45:46Z" finished-at="2019-09-27T10:45:46Z">
          <reporter-output>
          </reporter-output>
        </test-method> <!-- fatchReportInformation -->
        <test-method status="SKIP" signature="vreifyLogoIsDisplayingOnUi()[pri:0, instance:geProjectComponant.LogoComponant@2aa3cd93]" name="vreifyLogoIsDisplayingOnUi" duration-ms="2" started-at="2019-09-27T10:45:46Z" finished-at="2019-09-27T10:45:46Z">
          <reporter-output>
          </reporter-output>
        </test-method> <!-- vreifyLogoIsDisplayingOnUi -->
        <test-method status="SKIP" signature="fatchReportInformation(org.testng.ITestResult)[pri:0, instance:geProjectComponant.LogoComponant@2aa3cd93]" name="fatchReportInformation" is-config="true" duration-ms="0" started-at="2019-09-27T10:45:46Z" finished-at="2019-09-27T10:45:46Z">
          <reporter-output>
          </reporter-output>
        </test-method> <!-- fatchReportInformation -->
      </class> <!-- geProjectComponant.LogoComponant -->
      <class name="geProjectComponant.Temperature">
        <test-method status="SKIP" signature="checkTemperatureConfig()[pri:0, instance:geProjectComponant.Temperature@4b44655e]" name="checkTemperatureConfig" is-config="true" duration-ms="0" started-at="2019-09-27T10:45:46Z" finished-at="2019-09-27T10:45:46Z">
          <reporter-output>
          </reporter-output>
        </test-method> <!-- checkTemperatureConfig -->
        <test-method status="SKIP" signature="veifyTemperatureIcon()[pri:0, instance:geProjectComponant.Temperature@4b44655e]" name="veifyTemperatureIcon" duration-ms="1" started-at="2019-09-27T10:45:46Z" finished-at="2019-09-27T10:45:46Z">
          <reporter-output>
          </reporter-output>
        </test-method> <!-- veifyTemperatureIcon -->
        <test-method status="SKIP" signature="fatchReportInformation(org.testng.ITestResult)[pri:0, instance:geProjectComponant.Temperature@4b44655e]" name="fatchReportInformation" is-config="true" duration-ms="0" started-at="2019-09-27T10:45:46Z" finished-at="2019-09-27T10:45:46Z">
          <reporter-output>
          </reporter-output>
        </test-method> <!-- fatchReportInformation -->
        <test-method status="SKIP" signature="verifyAccordingToQualityDataColorIsChanging()[pri:0, instance:geProjectComponant.Temperature@4b44655e]" name="verifyAccordingToQualityDataColorIsChanging" duration-ms="1" started-at="2019-09-27T10:45:46Z" finished-at="2019-09-27T10:45:46Z">
          <reporter-output>
          </reporter-output>
        </test-method> <!-- verifyAccordingToQualityDataColorIsChanging -->
        <test-method status="SKIP" signature="fatchReportInformation(org.testng.ITestResult)[pri:0, instance:geProjectComponant.Temperature@4b44655e]" name="fatchReportInformation" is-config="true" duration-ms="0" started-at="2019-09-27T10:45:46Z" finished-at="2019-09-27T10:45:46Z">
          <reporter-output>
          </reporter-output>
        </test-method> <!-- fatchReportInformation -->
        <test-method status="SKIP" signature="verifyIsTemperatureDataDisplaying()[pri:0, instance:geProjectComponant.Temperature@4b44655e]" name="verifyIsTemperatureDataDisplaying" duration-ms="3" started-at="2019-09-27T10:45:46Z" finished-at="2019-09-27T10:45:46Z">
          <reporter-output>
          </reporter-output>
        </test-method> <!-- verifyIsTemperatureDataDisplaying -->
        <test-method status="SKIP" signature="fatchReportInformation(org.testng.ITestResult)[pri:0, instance:geProjectComponant.Temperature@4b44655e]" name="fatchReportInformation" is-config="true" duration-ms="0" started-at="2019-09-27T10:45:46Z" finished-at="2019-09-27T10:45:46Z">
          <reporter-output>
          </reporter-output>
        </test-method> <!-- fatchReportInformation -->
        <test-method status="SKIP" signature="verifyIsTemperatureRenderOnUi()[pri:0, instance:geProjectComponant.Temperature@4b44655e]" name="verifyIsTemperatureRenderOnUi" duration-ms="1" started-at="2019-09-27T10:45:46Z" finished-at="2019-09-27T10:45:46Z">
          <reporter-output>
          </reporter-output>
        </test-method> <!-- verifyIsTemperatureRenderOnUi -->
        <test-method status="SKIP" signature="fatchReportInformation(org.testng.ITestResult)[pri:0, instance:geProjectComponant.Temperature@4b44655e]" name="fatchReportInformation" is-config="true" duration-ms="0" started-at="2019-09-27T10:45:46Z" finished-at="2019-09-27T10:45:46Z">
          <reporter-output>
          </reporter-output>
        </test-method> <!-- fatchReportInformation -->
        <test-method status="SKIP" signature="verifyTemperatureComponantPositionOnUi()[pri:0, instance:geProjectComponant.Temperature@4b44655e]" name="verifyTemperatureComponantPositionOnUi" duration-ms="1" started-at="2019-09-27T10:45:46Z" finished-at="2019-09-27T10:45:46Z">
          <reporter-output>
          </reporter-output>
        </test-method> <!-- verifyTemperatureComponantPositionOnUi -->
        <test-method status="SKIP" signature="fatchReportInformation(org.testng.ITestResult)[pri:0, instance:geProjectComponant.Temperature@4b44655e]" name="fatchReportInformation" is-config="true" duration-ms="0" started-at="2019-09-27T10:45:46Z" finished-at="2019-09-27T10:45:46Z">
          <reporter-output>
          </reporter-output>
        </test-method> <!-- fatchReportInformation -->
      </class> <!-- geProjectComponant.Temperature -->
      <class name="geProjectComponant.ThemeComponant">
        <test-method status="SKIP" signature="veifyIsValueDisplayingInThemeDropDown()[pri:0, instance:geProjectComponant.ThemeComponant@7ea37dbf]" name="veifyIsValueDisplayingInThemeDropDown" duration-ms="2" started-at="2019-09-27T10:45:46Z" finished-at="2019-09-27T10:45:46Z">
          <reporter-output>
          </reporter-output>
        </test-method> <!-- veifyIsValueDisplayingInThemeDropDown -->
        <test-method status="SKIP" signature="checkThemeConfig()[pri:0, instance:geProjectComponant.ThemeComponant@7ea37dbf]" name="checkThemeConfig" is-config="true" duration-ms="0" started-at="2019-09-27T10:45:46Z" finished-at="2019-09-27T10:45:46Z">
          <reporter-output>
          </reporter-output>
        </test-method> <!-- checkThemeConfig -->
        <test-method status="SKIP" signature="verifyIsDefaultThemeApplying()[pri:0, instance:geProjectComponant.ThemeComponant@7ea37dbf]" name="verifyIsDefaultThemeApplying" duration-ms="2" started-at="2019-09-27T10:45:46Z" finished-at="2019-09-27T10:45:46Z">
          <reporter-output>
          </reporter-output>
        </test-method> <!-- verifyIsDefaultThemeApplying -->
        <test-method status="SKIP" signature="fatchReportInformation(org.testng.ITestResult)[pri:0, instance:geProjectComponant.ThemeComponant@7ea37dbf]" name="fatchReportInformation" is-config="true" duration-ms="0" started-at="2019-09-27T10:45:46Z" finished-at="2019-09-27T10:45:46Z">
          <reporter-output>
          </reporter-output>
        </test-method> <!-- fatchReportInformation -->
        <test-method status="SKIP" signature="fatchReportInformation(org.testng.ITestResult)[pri:0, instance:geProjectComponant.ThemeComponant@7ea37dbf]" name="fatchReportInformation" is-config="true" duration-ms="0" started-at="2019-09-27T10:45:46Z" finished-at="2019-09-27T10:45:46Z">
          <reporter-output>
          </reporter-output>
        </test-method> <!-- fatchReportInformation -->
        <test-method status="SKIP" signature="verifyIsThemeChanging()[pri:0, instance:geProjectComponant.ThemeComponant@7ea37dbf]" name="verifyIsThemeChanging" duration-ms="2" started-at="2019-09-27T10:45:46Z" finished-at="2019-09-27T10:45:46Z">
          <reporter-output>
          </reporter-output>
        </test-method> <!-- verifyIsThemeChanging -->
        <test-method status="SKIP" signature="verifyIsThemeDisplaying()[pri:0, instance:geProjectComponant.ThemeComponant@7ea37dbf]" name="verifyIsThemeDisplaying" duration-ms="2" started-at="2019-09-27T10:45:46Z" finished-at="2019-09-27T10:45:46Z">
          <reporter-output>
          </reporter-output>
        </test-method> <!-- verifyIsThemeDisplaying -->
        <test-method status="SKIP" signature="fatchReportInformation(org.testng.ITestResult)[pri:0, instance:geProjectComponant.ThemeComponant@7ea37dbf]" name="fatchReportInformation" is-config="true" duration-ms="0" started-at="2019-09-27T10:45:46Z" finished-at="2019-09-27T10:45:46Z">
          <reporter-output>
          </reporter-output>
        </test-method> <!-- fatchReportInformation -->
        <test-method status="SKIP" signature="fatchReportInformation(org.testng.ITestResult)[pri:0, instance:geProjectComponant.ThemeComponant@7ea37dbf]" name="fatchReportInformation" is-config="true" duration-ms="0" started-at="2019-09-27T10:45:46Z" finished-at="2019-09-27T10:45:46Z">
          <reporter-output>
          </reporter-output>
        </test-method> <!-- fatchReportInformation -->
        <test-method status="SKIP" signature="verifySelectedThemeNameAfterSelection()[pri:0, instance:geProjectComponant.ThemeComponant@7ea37dbf]" name="verifySelectedThemeNameAfterSelection" duration-ms="3" started-at="2019-09-27T10:45:46Z" finished-at="2019-09-27T10:45:46Z">
          <reporter-output>
          </reporter-output>
        </test-method> <!-- verifySelectedThemeNameAfterSelection -->
        <test-method status="SKIP" signature="fatchReportInformation(org.testng.ITestResult)[pri:0, instance:geProjectComponant.ThemeComponant@7ea37dbf]" name="fatchReportInformation" is-config="true" duration-ms="0" started-at="2019-09-27T10:45:46Z" finished-at="2019-09-27T10:45:46Z">
          <reporter-output>
          </reporter-output>
        </test-method> <!-- fatchReportInformation -->
        <test-method status="SKIP" signature="verifyThemeAfterNavigation()[pri:0, instance:geProjectComponant.ThemeComponant@7ea37dbf]" name="verifyThemeAfterNavigation" duration-ms="3" started-at="2019-09-27T10:45:46Z" finished-at="2019-09-27T10:45:46Z">
          <reporter-output>
          </reporter-output>
        </test-method> <!-- verifyThemeAfterNavigation -->
        <test-method status="SKIP" signature="fatchReportInformation(org.testng.ITestResult)[pri:0, instance:geProjectComponant.ThemeComponant@7ea37dbf]" name="fatchReportInformation" is-config="true" duration-ms="0" started-at="2019-09-27T10:45:46Z" finished-at="2019-09-27T10:45:46Z">
          <reporter-output>
          </reporter-output>
        </test-method> <!-- fatchReportInformation -->
        <test-method status="SKIP" signature="verifyThemeComponentPositionOnHeaderSection()[pri:0, instance:geProjectComponant.ThemeComponant@7ea37dbf]" name="verifyThemeComponentPositionOnHeaderSection" duration-ms="2" started-at="2019-09-27T10:45:46Z" finished-at="2019-09-27T10:45:46Z">
          <reporter-output>
          </reporter-output>
        </test-method> <!-- verifyThemeComponentPositionOnHeaderSection -->
        <test-method status="SKIP" signature="fatchReportInformation(org.testng.ITestResult)[pri:0, instance:geProjectComponant.ThemeComponant@7ea37dbf]" name="fatchReportInformation" is-config="true" duration-ms="0" started-at="2019-09-27T10:45:46Z" finished-at="2019-09-27T10:45:46Z">
          <reporter-output>
          </reporter-output>
        </test-method> <!-- fatchReportInformation -->
      </class> <!-- geProjectComponant.ThemeComponant -->
      <class name="geProjectComponant.HeaderComponant">
        <test-method status="FAIL" signature="verify_DefaultMenuSelection()[pri:0, instance:geProjectComponant.HeaderComponant@add0edd]" name="verify_DefaultMenuSelection" duration-ms="30055" started-at="2019-09-27T10:44:45Z" finished-at="2019-09-27T10:45:15Z">
          <exception class="java.lang.AssertionError">
            <message>
              <![CDATA[expected:<null> but was:<Monitor>]]>
            </message>
            <full-stacktrace>
              <![CDATA[java.lang.AssertionError: expected:<null> but was:<Monitor>
	at org.junit.Assert.fail(Assert.java:93)
	at org.junit.Assert.failNotEquals(Assert.java:647)
	at org.junit.Assert.assertEquals(Assert.java:128)
	at org.junit.Assert.assertEquals(Assert.java:147)
	at geProjectComponant.HeaderComponant.verify_DefaultMenuSelection(HeaderComponant.java:146)
	at sun.reflect.NativeMethodAccessorImpl.invoke0(Native Method)
	at sun.reflect.NativeMethodAccessorImpl.invoke(Unknown Source)
	at sun.reflect.DelegatingMethodAccessorImpl.invoke(Unknown Source)
	at java.lang.reflect.Method.invoke(Unknown Source)
	at org.testng.internal.MethodInvocationHelper.invokeMethod(MethodInvocationHelper.java:86)
	at org.testng.internal.Invoker.invokeMethod(Invoker.java:645)
	at org.testng.internal.Invoker.invokeTestMethod(Invoker.java:822)
	at org.testng.internal.Invoker.invokeTestMethods(Invoker.java:1130)
	at org.testng.internal.TestMethodWorker.invokeTestMethods(TestMethodWorker.java:129)
	at org.testng.internal.TestMethodWorker.run(TestMethodWorker.java:112)
	at org.testng.TestRunner.privateRun(TestRunner.java:782)
	at org.testng.TestRunner.run(TestRunner.java:632)
	at org.testng.SuiteRunner.runTest(SuiteRunner.java:366)
	at org.testng.SuiteRunner.runSequentially(SuiteRunner.java:361)
	at org.testng.SuiteRunner.privateRun(SuiteRunner.java:319)
	at org.testng.SuiteRunner.run(SuiteRunner.java:268)
	at org.testng.SuiteRunnerWorker.runSuite(SuiteRunnerWorker.java:52)
	at org.testng.SuiteRunnerWorker.run(SuiteRunnerWorker.java:86)
	at org.testng.TestNG.runSuitesSequentially(TestNG.java:1244)
	at org.testng.TestNG.runSuitesLocally(TestNG.java:1169)
	at org.testng.TestNG.run(TestNG.java:1064)
	at org.testng.remote.RemoteTestNG.run(RemoteTestNG.java:113)
	at org.testng.remote.RemoteTestNG.initAndRun(RemoteTestNG.java:206)
	at org.testng.remote.RemoteTestNG.main(RemoteTestNG.java:177)
]]>
            </full-stacktrace>
          </exception> <!-- java.lang.AssertionError -->
          <reporter-output>
          </reporter-output>
        </test-method> <!-- verify_DefaultMenuSelection -->
        <test-method status="PASS" signature="fatchReportInformation(org.testng.ITestResult)[pri:0, instance:geProjectComponant.HeaderComponant@add0edd]" name="fatchReportInformation" is-config="true" duration-ms="350" started-at="2019-09-27T10:45:15Z" finished-at="2019-09-27T10:45:15Z">
          <params>
            <param index="0">
              <value>
                <![CDATA[[TestResult name=verify_DefaultMenuSelection status=FAILURE method=HeaderComponant.verify_DefaultMenuSelection()[pri:0, instance:geProjectComponant.HeaderComponant@add0edd] output={null}]]]>
              </value>
            </param>
          </params>
          <reporter-output>
          </reporter-output>
        </test-method> <!-- fatchReportInformation -->
        <test-method status="FAIL" signature="verify_IsHeaderDisplaying()[pri:0, instance:geProjectComponant.HeaderComponant@add0edd]" name="verify_IsHeaderDisplaying" duration-ms="30008" started-at="2019-09-27T10:45:15Z" finished-at="2019-09-27T10:45:45Z">
          <exception class="java.lang.NullPointerException">
            <full-stacktrace>
              <![CDATA[java.lang.NullPointerException
	at geProjectComponant.HeaderComponant.verify_IsHeaderDisplaying(HeaderComponant.java:48)
	at sun.reflect.NativeMethodAccessorImpl.invoke0(Native Method)
	at sun.reflect.NativeMethodAccessorImpl.invoke(Unknown Source)
	at sun.reflect.DelegatingMethodAccessorImpl.invoke(Unknown Source)
	at java.lang.reflect.Method.invoke(Unknown Source)
	at org.testng.internal.MethodInvocationHelper.invokeMethod(MethodInvocationHelper.java:86)
	at org.testng.internal.Invoker.invokeMethod(Invoker.java:645)
	at org.testng.internal.Invoker.invokeTestMethod(Invoker.java:822)
	at org.testng.internal.Invoker.invokeTestMethods(Invoker.java:1130)
	at org.testng.internal.TestMethodWorker.invokeTestMethods(TestMethodWorker.java:129)
	at org.testng.internal.TestMethodWorker.run(TestMethodWorker.java:112)
	at org.testng.TestRunner.privateRun(TestRunner.java:782)
	at org.testng.TestRunner.run(TestRunner.java:632)
	at org.testng.SuiteRunner.runTest(SuiteRunner.java:366)
	at org.testng.SuiteRunner.runSequentially(SuiteRunner.java:361)
	at org.testng.SuiteRunner.privateRun(SuiteRunner.java:319)
	at org.testng.SuiteRunner.run(SuiteRunner.java:268)
	at org.testng.SuiteRunnerWorker.runSuite(SuiteRunnerWorker.java:52)
	at org.testng.SuiteRunnerWorker.run(SuiteRunnerWorker.java:86)
	at org.testng.TestNG.runSuitesSequentially(TestNG.java:1244)
	at org.testng.TestNG.runSuitesLocally(TestNG.java:1169)
	at org.testng.TestNG.run(TestNG.java:1064)
	at org.testng.remote.RemoteTestNG.run(RemoteTestNG.java:113)
	at org.testng.remote.RemoteTestNG.initAndRun(RemoteTestNG.java:206)
	at org.testng.remote.RemoteTestNG.main(RemoteTestNG.java:177)
]]>
            </full-stacktrace>
          </exception> <!-- java.lang.NullPointerException -->
          <reporter-output>
          </reporter-output>
        </test-method> <!-- verify_IsHeaderDisplaying -->
        <test-method status="FAIL" signature="fatchReportInformation(org.testng.ITestResult)[pri:0, instance:geProjectComponant.HeaderComponant@add0edd]" name="fatchReportInformation" is-config="true" duration-ms="0" started-at="2019-09-27T10:45:46Z" finished-at="2019-09-27T10:45:46Z">
          <params>
            <param index="0">
              <value>
                <![CDATA[[TestResult name=verify_IsHeaderDisplaying status=FAILURE method=HeaderComponant.verify_IsHeaderDisplaying()[pri:0, instance:geProjectComponant.HeaderComponant@add0edd] output={null}]]]>
              </value>
            </param>
          </params>
          <exception class="org.openqa.selenium.NoSuchWindowException">
            <message>
              <![CDATA[no such window: target window already closed
from unknown error: web view not found
  (Session info: chrome=77.0.3865.90)
  (Driver info: chromedriver=2.44.609538 (b655c5a60b0b544917107a59d4153d4bf78e1b90),platform=Windows NT 10.0.17763 x86_64) (WARNING: The server did not provide any stacktrace information)
Command duration or timeout: 0 milliseconds
Build info: version: '3.8.1', revision: '6e95a6684b', time: '2017-12-01T18:33:54.468Z'
System info: host: 'DESKTOP-BP5KTK2', ip: '192.168.1.228', os.name: 'Windows 10', os.arch: 'amd64', os.version: '10.0', java.version: '1.8.0_131'
Driver info: org.openqa.selenium.chrome.ChromeDriver
Capabilities {acceptInsecureCerts: false, acceptSslCerts: false, applicationCacheEnabled: false, browserConnectionEnabled: false, browserName: chrome, chrome: {chromedriverVersion: 2.44.609538 (b655c5a60b0b54..., userDataDir: C:\Users\WALKIN~1\AppData\L...}, cssSelectorsEnabled: true, databaseEnabled: false, goog:chromeOptions: {debuggerAddress: localhost:51847}, handlesAlerts: true, hasTouchScreen: false, javascriptEnabled: true, locationContextEnabled: true, mobileEmulationEnabled: false, nativeEvents: true, networkConnectionEnabled: false, pageLoadStrategy: normal, platform: XP, platformName: XP, rotatable: false, setWindowRect: true, takesHeapSnapshot: true, takesScreenshot: true, unexpectedAlertBehaviour: ignore, unhandledPromptBehavior: ignore, version: 77.0.3865.90, webStorageEnabled: true}
Session ID: 527ccb0ca50f1b9a9ee1b6c897e7ddf2]]>
            </message>
            <full-stacktrace>
              <![CDATA[org.openqa.selenium.NoSuchWindowException: no such window: target window already closed
from unknown error: web view not found
  (Session info: chrome=77.0.3865.90)
  (Driver info: chromedriver=2.44.609538 (b655c5a60b0b544917107a59d4153d4bf78e1b90),platform=Windows NT 10.0.17763 x86_64) (WARNING: The server did not provide any stacktrace information)
Command duration or timeout: 0 milliseconds
Build info: version: '3.8.1', revision: '6e95a6684b', time: '2017-12-01T18:33:54.468Z'
System info: host: 'DESKTOP-BP5KTK2', ip: '192.168.1.228', os.name: 'Windows 10', os.arch: 'amd64', os.version: '10.0', java.version: '1.8.0_131'
Driver info: org.openqa.selenium.chrome.ChromeDriver
Capabilities {acceptInsecureCerts: false, acceptSslCerts: false, applicationCacheEnabled: false, browserConnectionEnabled: false, browserName: chrome, chrome: {chromedriverVersion: 2.44.609538 (b655c5a60b0b54..., userDataDir: C:\Users\WALKIN~1\AppData\L...}, cssSelectorsEnabled: true, databaseEnabled: false, goog:chromeOptions: {debuggerAddress: localhost:51847}, handlesAlerts: true, hasTouchScreen: false, javascriptEnabled: true, locationContextEnabled: true, mobileEmulationEnabled: false, nativeEvents: true, networkConnectionEnabled: false, pageLoadStrategy: normal, platform: XP, platformName: XP, rotatable: false, setWindowRect: true, takesHeapSnapshot: true, takesScreenshot: true, unexpectedAlertBehaviour: ignore, unhandledPromptBehavior: ignore, version: 77.0.3865.90, webStorageEnabled: true}
Session ID: 527ccb0ca50f1b9a9ee1b6c897e7ddf2
	at sun.reflect.GeneratedConstructorAccessor15.newInstance(Unknown Source)
	at sun.reflect.DelegatingConstructorAccessorImpl.newInstance(Unknown Source)
	at java.lang.reflect.Constructor.newInstance(Unknown Source)
	at org.openqa.selenium.remote.ErrorHandler.createThrowable(ErrorHandler.java:214)
	at org.openqa.selenium.remote.ErrorHandler.throwIfResponseFailed(ErrorHandler.java:166)
	at org.openqa.selenium.remote.http.JsonHttpResponseCodec.reconstructValue(JsonHttpResponseCodec.java:40)
	at org.openqa.selenium.remote.http.AbstractHttpResponseCodec.decode(AbstractHttpResponseCodec.java:80)
	at org.openqa.selenium.remote.http.AbstractHttpResponseCodec.decode(AbstractHttpResponseCodec.java:44)
	at org.openqa.selenium.remote.HttpCommandExecutor.execute(HttpCommandExecutor.java:164)
	at org.openqa.selenium.remote.service.DriverCommandExecutor.execute(DriverCommandExecutor.java:83)
	at org.openqa.selenium.remote.RemoteWebDriver.execute(RemoteWebDriver.java:601)
	at org.openqa.selenium.remote.RemoteWebDriver.execute(RemoteWebDriver.java:658)
	at org.openqa.selenium.remote.RemoteWebDriver.getScreenshotAs(RemoteWebDriver.java:343)
	at utility.ScreenShot.getScreenShotPath(ScreenShot.java:41)
	at report.ExtentReport.getFailureTestCaseImage(ExtentReport.java:32)
	at report.ExtentReport.getTestCaseStatus(ExtentReport.java:51)
	at invokeBrowser.StartBrowser.fatchReportInformation(StartBrowser.java:64)
	at sun.reflect.NativeMethodAccessorImpl.invoke0(Native Method)
	at sun.reflect.NativeMethodAccessorImpl.invoke(Unknown Source)
	at sun.reflect.DelegatingMethodAccessorImpl.invoke(Unknown Source)
	at java.lang.reflect.Method.invoke(Unknown Source)
	at org.testng.internal.MethodInvocationHelper.invokeMethod(MethodInvocationHelper.java:86)
	at org.testng.internal.Invoker.invokeConfigurationMethod(Invoker.java:514)
	at org.testng.internal.Invoker.invokeConfigurations(Invoker.java:215)
	at org.testng.internal.Invoker.invokeMethod(Invoker.java:709)
	at org.testng.internal.Invoker.invokeTestMethod(Invoker.java:822)
	at org.testng.internal.Invoker.invokeTestMethods(Invoker.java:1130)
	at org.testng.internal.TestMethodWorker.invokeTestMethods(TestMethodWorker.java:129)
	at org.testng.internal.TestMethodWorker.run(TestMethodWorker.java:112)
	at org.testng.TestRunner.privateRun(TestRunner.java:782)
	at org.testng.TestRunner.run(TestRunner.java:632)
	at org.testng.SuiteRunner.runTest(SuiteRunner.java:366)
	at org.testng.SuiteRunner.runSequentially(SuiteRunner.java:361)
	at org.testng.SuiteRunner.privateRun(SuiteRunner.java:319)
	at org.testng.SuiteRunner.run(SuiteRunner.java:268)
	at org.testng.SuiteRunnerWorker.runSuite(SuiteRunnerWorker.java:52)
	at org.testng.SuiteRunnerWorker.run(SuiteRunnerWorker.java:86)
	at org.testng.TestNG.runSuitesSequentially(TestNG.java:1244)
	at org.testng.TestNG.runSuitesLocally(TestNG.java:1169)
	at org.testng.TestNG.run(TestNG.java:1064)
	at org.testng.remote.RemoteTestNG.run(RemoteTestNG.java:113)
	at org.testng.remote.RemoteTestNG.initAndRun(RemoteTestNG.java:206)
	at org.testng.remote.RemoteTestNG.main(RemoteTestNG.java:177)
]]>
            </full-stacktrace>
          </exception> <!-- org.openqa.selenium.NoSuchWindowException -->
          <reporter-output>
          </reporter-output>
        </test-method> <!-- fatchReportInformation -->
        <test-method status="SKIP" signature="verify_ItemCountOnHeaderSection()[pri:0, instance:geProjectComponant.HeaderComponant@add0edd]" name="verify_ItemCountOnHeaderSection" duration-ms="3" started-at="2019-09-27T10:45:46Z" finished-at="2019-09-27T10:45:46Z">
          <reporter-output>
          </reporter-output>
        </test-method> <!-- verify_ItemCountOnHeaderSection -->
        <test-method status="SKIP" signature="fatchReportInformation(org.testng.ITestResult)[pri:0, instance:geProjectComponant.HeaderComponant@add0edd]" name="fatchReportInformation" is-config="true" duration-ms="0" started-at="2019-09-27T10:45:46Z" finished-at="2019-09-27T10:45:46Z">
          <reporter-output>
          </reporter-output>
        </test-method> <!-- fatchReportInformation -->
        <test-method status="SKIP" signature="verify_MainMenuCountOnHeaderSection()[pri:0, instance:geProjectComponant.HeaderComponant@add0edd]" name="verify_MainMenuCountOnHeaderSection" duration-ms="2" started-at="2019-09-27T10:45:46Z" finished-at="2019-09-27T10:45:46Z">
          <reporter-output>
          </reporter-output>
        </test-method> <!-- verify_MainMenuCountOnHeaderSection -->
        <test-method status="SKIP" signature="fatchReportInformation(org.testng.ITestResult)[pri:0, instance:geProjectComponant.HeaderComponant@add0edd]" name="fatchReportInformation" is-config="true" duration-ms="0" started-at="2019-09-27T10:45:46Z" finished-at="2019-09-27T10:45:46Z">
          <reporter-output>
          </reporter-output>
        </test-method> <!-- fatchReportInformation -->
        <test-method status="SKIP" signature="verify_MainMenuNavigation()[pri:0, instance:geProjectComponant.HeaderComponant@add0edd]" name="verify_MainMenuNavigation" duration-ms="3" started-at="2019-09-27T10:45:46Z" finished-at="2019-09-27T10:45:46Z">
          <reporter-output>
          </reporter-output>
        </test-method> <!-- verify_MainMenuNavigation -->
        <test-method status="SKIP" signature="fatchReportInformation(org.testng.ITestResult)[pri:0, instance:geProjectComponant.HeaderComponant@add0edd]" name="fatchReportInformation" is-config="true" duration-ms="0" started-at="2019-09-27T10:45:46Z" finished-at="2019-09-27T10:45:46Z">
          <reporter-output>
          </reporter-output>
        </test-method> <!-- fatchReportInformation -->
        <test-method status="SKIP" signature="verify_MainMenuTitleOnHeaderSection()[pri:0, instance:geProjectComponant.HeaderComponant@add0edd]" name="verify_MainMenuTitleOnHeaderSection" duration-ms="2" started-at="2019-09-27T10:45:46Z" finished-at="2019-09-27T10:45:46Z">
          <reporter-output>
          </reporter-output>
        </test-method> <!-- verify_MainMenuTitleOnHeaderSection -->
        <test-method status="SKIP" signature="fatchReportInformation(org.testng.ITestResult)[pri:0, instance:geProjectComponant.HeaderComponant@add0edd]" name="fatchReportInformation" is-config="true" duration-ms="0" started-at="2019-09-27T10:45:46Z" finished-at="2019-09-27T10:45:46Z">
          <reporter-output>
          </reporter-output>
        </test-method> <!-- fatchReportInformation -->
        <test-method status="SKIP" signature="verify_correctHeaderItemsAreDispalying()[pri:0, instance:geProjectComponant.HeaderComponant@add0edd]" name="verify_correctHeaderItemsAreDispalying" duration-ms="1" started-at="2019-09-27T10:45:46Z" finished-at="2019-09-27T10:45:46Z">
          <reporter-output>
          </reporter-output>
        </test-method> <!-- verify_correctHeaderItemsAreDispalying -->
        <test-method status="SKIP" signature="fatchReportInformation(org.testng.ITestResult)[pri:0, instance:geProjectComponant.HeaderComponant@add0edd]" name="fatchReportInformation" is-config="true" duration-ms="0" started-at="2019-09-27T10:45:46Z" finished-at="2019-09-27T10:45:46Z">
          <reporter-output>
          </reporter-output>
        </test-method> <!-- fatchReportInformation -->
      </class> <!-- geProjectComponant.HeaderComponant -->
      <class name="geProjectComponant.WindspeedComponant">
        <test-method status="SKIP" signature="checkTemperatureConfig()[pri:0, instance:geProjectComponant.WindspeedComponant@290d210d]" name="checkTemperatureConfig" is-config="true" duration-ms="0" started-at="2019-09-27T10:45:46Z" finished-at="2019-09-27T10:45:46Z">
          <reporter-output>
          </reporter-output>
        </test-method> <!-- checkTemperatureConfig -->
        <test-method status="SKIP" signature="veifyWindspeedIcon()[pri:0, instance:geProjectComponant.WindspeedComponant@290d210d]" name="veifyWindspeedIcon" duration-ms="2" started-at="2019-09-27T10:45:46Z" finished-at="2019-09-27T10:45:46Z">
          <reporter-output>
          </reporter-output>
        </test-method> <!-- veifyWindspeedIcon -->
        <test-method status="SKIP" signature="fatchReportInformation(org.testng.ITestResult)[pri:0, instance:geProjectComponant.WindspeedComponant@290d210d]" name="fatchReportInformation" is-config="true" duration-ms="0" started-at="2019-09-27T10:45:46Z" finished-at="2019-09-27T10:45:46Z">
          <reporter-output>
          </reporter-output>
        </test-method> <!-- fatchReportInformation -->
        <test-method status="SKIP" signature="verifyAccordingToQualityDataColorIsChanging()[pri:0, instance:geProjectComponant.WindspeedComponant@290d210d]" name="verifyAccordingToQualityDataColorIsChanging" duration-ms="2" started-at="2019-09-27T10:45:46Z" finished-at="2019-09-27T10:45:46Z">
          <reporter-output>
          </reporter-output>
        </test-method> <!-- verifyAccordingToQualityDataColorIsChanging -->
        <test-method status="SKIP" signature="fatchReportInformation(org.testng.ITestResult)[pri:0, instance:geProjectComponant.WindspeedComponant@290d210d]" name="fatchReportInformation" is-config="true" duration-ms="0" started-at="2019-09-27T10:45:46Z" finished-at="2019-09-27T10:45:46Z">
          <reporter-output>
          </reporter-output>
        </test-method> <!-- fatchReportInformation -->
        <test-method status="SKIP" signature="verifyIsWindspeedDataDisplaying()[pri:0, instance:geProjectComponant.WindspeedComponant@290d210d]" name="verifyIsWindspeedDataDisplaying" duration-ms="2" started-at="2019-09-27T10:45:46Z" finished-at="2019-09-27T10:45:46Z">
          <reporter-output>
          </reporter-output>
        </test-method> <!-- verifyIsWindspeedDataDisplaying -->
        <test-method status="SKIP" signature="verifyIsWindspeedRenderOnUi()[pri:0, instance:geProjectComponant.WindspeedComponant@290d210d]" name="verifyIsWindspeedRenderOnUi" duration-ms="2" started-at="2019-09-27T10:45:46Z" finished-at="2019-09-27T10:45:46Z">
          <reporter-output>
          </reporter-output>
        </test-method> <!-- verifyIsWindspeedRenderOnUi -->
        <test-method status="SKIP" signature="fatchReportInformation(org.testng.ITestResult)[pri:0, instance:geProjectComponant.WindspeedComponant@290d210d]" name="fatchReportInformation" is-config="true" duration-ms="0" started-at="2019-09-27T10:45:46Z" finished-at="2019-09-27T10:45:46Z">
          <reporter-output>
          </reporter-output>
        </test-method> <!-- fatchReportInformation -->
        <test-method status="SKIP" signature="fatchReportInformation(org.testng.ITestResult)[pri:0, instance:geProjectComponant.WindspeedComponant@290d210d]" name="fatchReportInformation" is-config="true" duration-ms="0" started-at="2019-09-27T10:45:46Z" finished-at="2019-09-27T10:45:46Z">
          <reporter-output>
          </reporter-output>
        </test-method> <!-- fatchReportInformation -->
        <test-method status="SKIP" signature="verifyWindSpeedComponantPositionOnUi()[pri:0, instance:geProjectComponant.WindspeedComponant@290d210d]" name="verifyWindSpeedComponantPositionOnUi" duration-ms="2" started-at="2019-09-27T10:45:46Z" finished-at="2019-09-27T10:45:46Z">
          <reporter-output>
          </reporter-output>
        </test-method> <!-- verifyWindSpeedComponantPositionOnUi -->
        <test-method status="SKIP" signature="fatchReportInformation(org.testng.ITestResult)[pri:0, instance:geProjectComponant.WindspeedComponant@290d210d]" name="fatchReportInformation" is-config="true" duration-ms="0" started-at="2019-09-27T10:45:46Z" finished-at="2019-09-27T10:45:46Z">
          <reporter-output>
          </reporter-output>
        </test-method> <!-- fatchReportInformation -->
      </class> <!-- geProjectComponant.WindspeedComponant -->
      <class name="geProjectComponant.GridFilter">
        <test-method status="SKIP" signature="verify_FilterBy_FeatureExistance()[pri:0, instance:geProjectComponant.GridFilter@1d76aeea]" name="verify_FilterBy_FeatureExistance" duration-ms="4" started-at="2019-09-27T10:45:46Z" finished-at="2019-09-27T10:45:46Z">
          <reporter-output>
          </reporter-output>
        </test-method> <!-- verify_FilterBy_FeatureExistance -->
        <test-method status="SKIP" signature="verify_AllFilterStatusByDefaultSelected()[pri:1, instance:geProjectComponant.GridFilter@1d76aeea]" name="verify_AllFilterStatusByDefaultSelected" duration-ms="2" started-at="2019-09-27T10:45:46Z" finished-at="2019-09-27T10:45:46Z">
          <reporter-output>
          </reporter-output>
        </test-method> <!-- verify_AllFilterStatusByDefaultSelected -->
        <test-method status="SKIP" signature="fatchReportInformation(org.testng.ITestResult)[pri:0, instance:geProjectComponant.GridFilter@1d76aeea]" name="fatchReportInformation" is-config="true" duration-ms="0" started-at="2019-09-27T10:45:46Z" finished-at="2019-09-27T10:45:46Z">
          <reporter-output>
          </reporter-output>
        </test-method> <!-- fatchReportInformation -->
        <test-method status="SKIP" signature="fatchReportInformation(org.testng.ITestResult)[pri:0, instance:geProjectComponant.GridFilter@1d76aeea]" name="fatchReportInformation" is-config="true" duration-ms="0" started-at="2019-09-27T10:45:46Z" finished-at="2019-09-27T10:45:46Z">
          <reporter-output>
          </reporter-output>
        </test-method> <!-- fatchReportInformation -->
        <test-method status="SKIP" signature="verify_AllFilterAreUnselactable()[pri:2, instance:geProjectComponant.GridFilter@1d76aeea]" name="verify_AllFilterAreUnselactable" duration-ms="2" started-at="2019-09-27T10:45:46Z" finished-at="2019-09-27T10:45:46Z">
          <reporter-output>
          </reporter-output>
        </test-method> <!-- verify_AllFilterAreUnselactable -->
        <test-method status="SKIP" signature="fatchReportInformation(org.testng.ITestResult)[pri:0, instance:geProjectComponant.GridFilter@1d76aeea]" name="fatchReportInformation" is-config="true" duration-ms="0" started-at="2019-09-27T10:45:46Z" finished-at="2019-09-27T10:45:46Z">
          <reporter-output>
          </reporter-output>
        </test-method> <!-- fatchReportInformation -->
        <test-method status="SKIP" signature="verify_AllFilterStatusAreSelectable()[pri:3, instance:geProjectComponant.GridFilter@1d76aeea]" name="verify_AllFilterStatusAreSelectable" duration-ms="2" started-at="2019-09-27T10:45:46Z" finished-at="2019-09-27T10:45:46Z">
          <reporter-output>
          </reporter-output>
        </test-method> <!-- verify_AllFilterStatusAreSelectable -->
        <test-method status="SKIP" signature="fatchReportInformation(org.testng.ITestResult)[pri:0, instance:geProjectComponant.GridFilter@1d76aeea]" name="fatchReportInformation" is-config="true" duration-ms="0" started-at="2019-09-27T10:45:46Z" finished-at="2019-09-27T10:45:46Z">
          <reporter-output>
          </reporter-output>
        </test-method> <!-- fatchReportInformation -->
        <test-method status="SKIP" signature="verify_filterSectionColorAndTurbineDataColorInGrid()[pri:4, instance:geProjectComponant.GridFilter@1d76aeea]" name="verify_filterSectionColorAndTurbineDataColorInGrid" duration-ms="1" started-at="2019-09-27T10:45:46Z" finished-at="2019-09-27T10:45:46Z">
          <reporter-output>
          </reporter-output>
        </test-method> <!-- verify_filterSectionColorAndTurbineDataColorInGrid -->
        <test-method status="SKIP" signature="fatchReportInformation(org.testng.ITestResult)[pri:0, instance:geProjectComponant.GridFilter@1d76aeea]" name="fatchReportInformation" is-config="true" duration-ms="0" started-at="2019-09-27T10:45:46Z" finished-at="2019-09-27T10:45:46Z">
          <reporter-output>
          </reporter-output>
        </test-method> <!-- fatchReportInformation -->
        <test-method status="SKIP" signature="verify_TurbineDataCountInGridAndFilterSectionDataCount()[pri:5, instance:geProjectComponant.GridFilter@1d76aeea]" name="verify_TurbineDataCountInGridAndFilterSectionDataCount" duration-ms="1" started-at="2019-09-27T10:45:46Z" finished-at="2019-09-27T10:45:46Z">
          <reporter-output>
          </reporter-output>
        </test-method> <!-- verify_TurbineDataCountInGridAndFilterSectionDataCount -->
        <test-method status="SKIP" signature="fatchReportInformation(org.testng.ITestResult)[pri:0, instance:geProjectComponant.GridFilter@1d76aeea]" name="fatchReportInformation" is-config="true" duration-ms="0" started-at="2019-09-27T10:45:46Z" finished-at="2019-09-27T10:45:46Z">
          <reporter-output>
          </reporter-output>
        </test-method> <!-- fatchReportInformation -->
        <test-method status="SKIP" signature="verify_appliedFileterNameFirstLetterIsComingInGridSection()[pri:6, instance:geProjectComponant.GridFilter@1d76aeea]" name="verify_appliedFileterNameFirstLetterIsComingInGridSection" duration-ms="2" started-at="2019-09-27T10:45:46Z" finished-at="2019-09-27T10:45:46Z">
          <reporter-output>
          </reporter-output>
        </test-method> <!-- verify_appliedFileterNameFirstLetterIsComingInGridSection -->
        <test-method status="SKIP" signature="fatchReportInformation(org.testng.ITestResult)[pri:0, instance:geProjectComponant.GridFilter@1d76aeea]" name="fatchReportInformation" is-config="true" duration-ms="0" started-at="2019-09-27T10:45:46Z" finished-at="2019-09-27T10:45:46Z">
          <reporter-output>
          </reporter-output>
        </test-method> <!-- fatchReportInformation -->
      </class> <!-- geProjectComponant.GridFilter -->
      <class name="geProjectComponant.RouteComponant">
        <test-method status="PASS" signature="openBrowser(java.lang.String)[pri:0, instance:geProjectComponant.RouteComponant@7ff95560]" name="openBrowser" is-config="true" duration-ms="9125" started-at="2019-09-27T10:43:51Z" finished-at="2019-09-27T10:44:00Z">
          <params>
            <param index="0">
              <value>
                <![CDATA[chrome]]>
              </value>
            </param>
          </params>
          <reporter-output>
          </reporter-output>
        </test-method> <!-- openBrowser -->
        <test-method status="PASS" signature="VerifyIsDefaultUrlApplying()[pri:0, instance:geProjectComponant.RouteComponant@7ff95560]" name="VerifyIsDefaultUrlApplying" duration-ms="5188" started-at="2019-09-27T10:44:00Z" finished-at="2019-09-27T10:44:05Z">
          <reporter-output>
          </reporter-output>
        </test-method> <!-- VerifyIsDefaultUrlApplying -->
        <test-method status="PASS" signature="fatchReportInformation(org.testng.ITestResult)[pri:0, instance:geProjectComponant.RouteComponant@7ff95560]" name="fatchReportInformation" is-config="true" duration-ms="1614" started-at="2019-09-27T10:44:05Z" finished-at="2019-09-27T10:44:07Z">
          <params>
            <param index="0">
              <value>
                <![CDATA[[TestResult name=VerifyIsDefaultUrlApplying status=SUCCESS method=RouteComponant.VerifyIsDefaultUrlApplying()[pri:0, instance:geProjectComponant.RouteComponant@7ff95560] output={null}]]]>
              </value>
            </param>
          </params>
          <reporter-output>
          </reporter-output>
        </test-method> <!-- fatchReportInformation -->
        <test-method status="PASS" signature="VerifyIsPageNavigationWorking()[pri:0, instance:geProjectComponant.RouteComponant@7ff95560]" name="VerifyIsPageNavigationWorking" duration-ms="401" started-at="2019-09-27T10:44:07Z" finished-at="2019-09-27T10:44:07Z">
          <reporter-output>
          </reporter-output>
        </test-method> <!-- VerifyIsPageNavigationWorking -->
        <test-method status="PASS" signature="fatchReportInformation(org.testng.ITestResult)[pri:0, instance:geProjectComponant.RouteComponant@7ff95560]" name="fatchReportInformation" is-config="true" duration-ms="26" started-at="2019-09-27T10:44:07Z" finished-at="2019-09-27T10:44:07Z">
          <params>
            <param index="0">
              <value>
                <![CDATA[[TestResult name=VerifyIsPageNavigationWorking status=SUCCESS method=RouteComponant.VerifyIsPageNavigationWorking()[pri:0, instance:geProjectComponant.RouteComponant@7ff95560] output={null}]]]>
              </value>
            </param>
          </params>
          <reporter-output>
          </reporter-output>
        </test-method> <!-- fatchReportInformation -->
        <test-method status="FAIL" signature="VerifyPageNotFoundInCaseOfWrongUrl()[pri:0, instance:geProjectComponant.RouteComponant@7ff95560]" name="VerifyPageNotFoundInCaseOfWrongUrl" duration-ms="30287" started-at="2019-09-27T10:44:07Z" finished-at="2019-09-27T10:44:38Z">
          <exception class="java.lang.AssertionError">
            <message>
              <![CDATA[expected [true] but found [false]]]>
            </message>
            <full-stacktrace>
              <![CDATA[java.lang.AssertionError: expected [true] but found [false]
	at org.testng.Assert.fail(Assert.java:94)
	at org.testng.Assert.failNotEquals(Assert.java:513)
	at org.testng.Assert.assertEqualsImpl(Assert.java:135)
	at org.testng.Assert.assertEquals(Assert.java:116)
	at org.testng.Assert.assertEquals(Assert.java:305)
	at org.testng.Assert.assertEquals(Assert.java:315)
	at geProjectComponant.RouteComponant.VerifyPageNotFoundInCaseOfWrongUrl(RouteComponant.java:48)
	at sun.reflect.NativeMethodAccessorImpl.invoke0(Native Method)
	at sun.reflect.NativeMethodAccessorImpl.invoke(Unknown Source)
	at sun.reflect.DelegatingMethodAccessorImpl.invoke(Unknown Source)
	at java.lang.reflect.Method.invoke(Unknown Source)
	at org.testng.internal.MethodInvocationHelper.invokeMethod(MethodInvocationHelper.java:86)
	at org.testng.internal.Invoker.invokeMethod(Invoker.java:645)
	at org.testng.internal.Invoker.invokeTestMethod(Invoker.java:822)
	at org.testng.internal.Invoker.invokeTestMethods(Invoker.java:1130)
	at org.testng.internal.TestMethodWorker.invokeTestMethods(TestMethodWorker.java:129)
	at org.testng.internal.TestMethodWorker.run(TestMethodWorker.java:112)
	at org.testng.TestRunner.privateRun(TestRunner.java:782)
	at org.testng.TestRunner.run(TestRunner.java:632)
	at org.testng.SuiteRunner.runTest(SuiteRunner.java:366)
	at org.testng.SuiteRunner.runSequentially(SuiteRunner.java:361)
	at org.testng.SuiteRunner.privateRun(SuiteRunner.java:319)
	at org.testng.SuiteRunner.run(SuiteRunner.java:268)
	at org.testng.SuiteRunnerWorker.runSuite(SuiteRunnerWorker.java:52)
	at org.testng.SuiteRunnerWorker.run(SuiteRunnerWorker.java:86)
	at org.testng.TestNG.runSuitesSequentially(TestNG.java:1244)
	at org.testng.TestNG.runSuitesLocally(TestNG.java:1169)
	at org.testng.TestNG.run(TestNG.java:1064)
	at org.testng.remote.RemoteTestNG.run(RemoteTestNG.java:113)
	at org.testng.remote.RemoteTestNG.initAndRun(RemoteTestNG.java:206)
	at org.testng.remote.RemoteTestNG.main(RemoteTestNG.java:177)
]]>
            </full-stacktrace>
          </exception> <!-- java.lang.AssertionError -->
          <reporter-output>
          </reporter-output>
        </test-method> <!-- VerifyPageNotFoundInCaseOfWrongUrl -->
        <test-method status="PASS" signature="fatchReportInformation(org.testng.ITestResult)[pri:0, instance:geProjectComponant.RouteComponant@7ff95560]" name="fatchReportInformation" is-config="true" duration-ms="504" started-at="2019-09-27T10:44:38Z" finished-at="2019-09-27T10:44:38Z">
          <params>
            <param index="0">
              <value>
                <![CDATA[[TestResult name=VerifyPageNotFoundInCaseOfWrongUrl status=FAILURE method=RouteComponant.VerifyPageNotFoundInCaseOfWrongUrl()[pri:0, instance:geProjectComponant.RouteComponant@7ff95560] output={null}]]]>
              </value>
            </param>
          </params>
          <reporter-output>
          </reporter-output>
        </test-method> <!-- fatchReportInformation -->
        <test-method status="PASS" signature="verifyAfterRefreshIsPageChanging()[pri:0, instance:geProjectComponant.RouteComponant@7ff95560]" name="verifyAfterRefreshIsPageChanging" duration-ms="2070" started-at="2019-09-27T10:44:38Z" finished-at="2019-09-27T10:44:40Z">
          <reporter-output>
          </reporter-output>
        </test-method> <!-- verifyAfterRefreshIsPageChanging -->
        <test-method status="PASS" signature="fatchReportInformation(org.testng.ITestResult)[pri:0, instance:geProjectComponant.RouteComponant@7ff95560]" name="fatchReportInformation" is-config="true" duration-ms="31" started-at="2019-09-27T10:44:40Z" finished-at="2019-09-27T10:44:40Z">
          <params>
            <param index="0">
              <value>
                <![CDATA[[TestResult name=verifyAfterRefreshIsPageChanging status=SUCCESS method=RouteComponant.verifyAfterRefreshIsPageChanging()[pri:0, instance:geProjectComponant.RouteComponant@7ff95560] output={null}]]]>
              </value>
            </param>
          </params>
          <reporter-output>
          </reporter-output>
        </test-method> <!-- fatchReportInformation -->
        <test-method status="PASS" signature="verifyIsBrowserSavingPageNavigationHistory()[pri:0, instance:geProjectComponant.RouteComponant@7ff95560]" name="verifyIsBrowserSavingPageNavigationHistory" duration-ms="4672" started-at="2019-09-27T10:44:40Z" finished-at="2019-09-27T10:44:45Z">
          <reporter-output>
          </reporter-output>
        </test-method> <!-- verifyIsBrowserSavingPageNavigationHistory -->
        <test-method status="PASS" signature="fatchReportInformation(org.testng.ITestResult)[pri:0, instance:geProjectComponant.RouteComponant@7ff95560]" name="fatchReportInformation" is-config="true" duration-ms="19" started-at="2019-09-27T10:44:45Z" finished-at="2019-09-27T10:44:45Z">
          <params>
            <param index="0">
              <value>
                <![CDATA[[TestResult name=verifyIsBrowserSavingPageNavigationHistory status=SUCCESS method=RouteComponant.verifyIsBrowserSavingPageNavigationHistory()[pri:0, instance:geProjectComponant.RouteComponant@7ff95560] output={null}]]]>
              </value>
            </param>
          </params>
          <reporter-output>
          </reporter-output>
        </test-method> <!-- fatchReportInformation -->
        <test-method status="SKIP" signature="stopFatchingReportInformation()[pri:0, instance:geProjectComponant.RouteComponant@7ff95560]" name="stopFatchingReportInformation" is-config="true" duration-ms="0" started-at="2019-09-27T10:45:46Z" finished-at="2019-09-27T10:45:46Z">
          <reporter-output>
          </reporter-output>
        </test-method> <!-- stopFatchingReportInformation -->
      </class> <!-- geProjectComponant.RouteComponant -->
    </test> <!-- Test -->
  </suite> <!-- Suite -->
</testng-results>
