<?xml version="1.0" encoding="UTF-8"?>
<!-- Generated by org.testng.reporters.JUnitReportReporter -->
<testsuite hostname="DESKTOP-BP5KTK2" name="GeProjectScripts.MoniterPageScript" tests="8" failures="0" timestamp="28 Aug 2019 14:18:06 GMT" time="9.267" errors="0">
  <testcase name="verifyWindSpeedIsDisplaying" time="0.071" classname="GeProjectScripts.MoniterPageScript"/>
  <testcase name="verifyTemperatureFieldIsDisplaying" time="0.316" classname="GeProjectScripts.MoniterPageScript"/>
  <testcase name="verifyTabNavigation" time="2.419" classname="GeProjectScripts.MoniterPageScript"/>
  <testcase name="verifyOneSubMenuIsActivatedByDefault" time="0.280" classname="GeProjectScripts.MoniterPageScript"/>
  <testcase name="verifyOneTabIsActivatedAndRelatedPageIsOpening" time="0.151" classname="GeProjectScripts.MoniterPageScript"/>
  <testcase name="verifyThemeSwitching" time="2.702" classname="GeProjectScripts.MoniterPageScript"/>
  <testcase name="verifyLogoExistance" time="1.245" classname="GeProjectScripts.MoniterPageScript"/>
  <testcase name="verifySubMenuNavigation" time="2.083" classname="GeProjectScripts.MoniterPageScript"/>
</testsuite> <!-- GeProjectScripts.MoniterPageScript -->
