<?xml version="1.0" encoding="UTF-8"?>
<!-- Generated by org.testng.reporters.JUnitReportReporter -->
<testsuite hostname="DESKTOP-BP5KTK2" name="geProjectComponant.DafaultRoute" tests="3" failures="0" timestamp="29 Aug 2019 14:50:57 GMT" time="4.486" errors="0">
  <testcase name="VerifyIsDefaultUrlApplying" time="3.474" classname="geProjectComponant.DafaultRoute"/>
  <testcase name="VerifyIsPageNavigationWorking" time="0.392" classname="geProjectComponant.DafaultRoute"/>
  <testcase name="VerifyPageNotFoundInCaseOfWrongUrl" time="0.620" classname="geProjectComponant.DafaultRoute"/>
</testsuite> <!-- geProjectComponant.DafaultRoute -->
